2025-05-23 13:57:15 [INFO] [nsf_backend] HTTP server listening on port 8080
2025-05-23 13:57:15 [INFO] [actix_server::builder] starting 16 workers
2025-05-23 13:57:15 [INFO] [actix_server::server] Actix runtime found; starting in Actix runtime
2025-05-23 13:57:15 [INFO] [actix_server::server] starting service: "actix-web-service-127.0.0.1:8080", workers: 16, listening on: 127.0.0.1:8080
2025-05-23 13:57:15 [ERROR] [nsf_backend] RTMP server error: Address already in use (os error 98)
2025-05-23 13:57:15 [ERROR] [nsf_backend] RTSP server error: Permission denied (os error 13)
2025-05-23 13:57:24 [INFO] [actix_server::server] SIGINT received; starting forced shutdown
2025-05-23 13:57:24 [INFO] [actix_server::worker] shutting down idle worker
2025-05-23 13:57:24 [INFO] [actix_server::worker] shutting down idle worker
2025-05-23 13:57:24 [INFO] [actix_server::worker] shutting down idle worker
2025-05-23 13:57:24 [INFO] [actix_server::worker] shutting down idle worker
2025-05-23 13:57:24 [INFO] [actix_server::worker] shutting down idle worker
2025-05-23 13:57:24 [INFO] [actix_server::worker] shutting down idle worker
2025-05-23 13:57:24 [INFO] [actix_server::worker] shutting down idle worker
2025-05-23 13:57:24 [INFO] [actix_server::worker] shutting down idle worker
2025-05-23 13:57:24 [INFO] [actix_server::worker] shutting down idle worker
2025-05-23 13:57:24 [INFO] [actix_server::worker] shutting down idle worker
2025-05-23 13:57:24 [INFO] [actix_server::worker] shutting down idle worker
2025-05-23 13:57:24 [INFO] [actix_server::worker] shutting down idle worker
2025-05-23 13:57:24 [INFO] [actix_server::worker] shutting down idle worker
2025-05-23 13:57:24 [INFO] [actix_server::worker] shutting down idle worker
2025-05-23 13:57:24 [INFO] [actix_server::accept] accept thread stopped
2025-05-23 13:57:24 [INFO] [actix_server::worker] shutting down idle worker
2025-05-23 13:57:24 [INFO] [actix_server::worker] shutting down idle worker
